Thu, Apr 17, 2025  6:25:57 PM: 
 hashmap.c | 6 ++++++
 1 file changed, 6 insertions(+)
Compilation failed
In file included from test.c:4:0:
hashmap.c: In function 'createMap':
hashmap.c:57:18: error: assignment from incompatible pointer type [-Werror=incompatible-pointer-types]
     Map->buckets = Array;
                  ^
hashmap.c:58:15: error: assignment makes integer from pointer without a cast [-Werror=int-conversion]
     Map->size = NULL;
               ^
cc1.exe: all warnings being treated as errors
eeef3b7
Thu, Apr 17, 2025  6:28:39 PM: 
 hashmap.c | 11 +++++++----
 1 file changed, 7 insertions(+), 4 deletions(-)
 tests:  1|5
total_score: 10/70
b5aca68
Thu, Apr 17, 2025  6:46:41 PM: 
 hashmap.c | 15 +++++++++++++--
 1 file changed, 13 insertions(+), 2 deletions(-)
Compilation failed
In file included from test.c:4:0:
hashmap.c: In function 'insertMap':
hashmap.c:43:16: error: too few arguments to function 'hash'
     long pos = hash(key);
                ^~~~
hashmap.c:26:6: note: declared here
 long hash( char * key, long capacity) {
      ^~~~
test.c:453:5: error: 'main' is normally a non-static function [-Werror=main]
 int main( int argc, char *argv[] ) {
     ^~~~
test.c:511:1: error: expected declaration or statement at end of input
 }
 ^
At top level:
test.c:453:5: error: 'main' defined but not used [-Werror=unused-function]
 int main( int argc, char *argv[] ) {
     ^~~~
test.c:217:5: error: 'insert_test5' defined but not used [-Werror=unused-function]
 int insert_test5(){ //factor de carga>0.7, se llama a función enlarge
     ^~~~~~~~~~~~
test.c:131:6: error: 'compare_test' defined but not used [-Werror=unused-function]
 void compare_test(){
      ^~~~~~~~~~~~
test.c:125:6: error: 'hash_test3' defined but not used [-Werror=unused-function]
 void hash_test3(){ //no random
      ^~~~~~~~~~
test.c:111:6: error: 'hash_test2' defined but not used [-Werror=unused-function]
 void hash_test2(){ // colisiones
      ^~~~~~~~~~
test.c:100:6: error: 'hash_test1' defined but not used [-Werror=unused-function]
 void hash_test1(){ // posición válida
      ^~~~~~~~~~
cc1.exe: all warnings being treated as errors
9c0dd0a
Thu, Apr 17, 2025  6:48:16 PM: 
 hashmap.c | 2 +-
 1 file changed, 1 insertion(+), 1 deletion(-)
Compilation failed
In file included from test.c:4:0:
hashmap.c: In function 'insertMap':
hashmap.c:43:16: error: too few arguments to function 'hash'
     long pos = hash(key) % map->capacity;
                ^~~~
hashmap.c:26:6: note: declared here
 long hash( char * key, long capacity) {
      ^~~~
test.c:453:5: error: 'main' is normally a non-static function [-Werror=main]
 int main( int argc, char *argv[] ) {
     ^~~~
test.c:511:1: error: expected declaration or statement at end of input
 }
 ^
At top level:
test.c:453:5: error: 'main' defined but not used [-Werror=unused-function]
 int main( int argc, char *argv[] ) {
     ^~~~
test.c:217:5: error: 'insert_test5' defined but not used [-Werror=unused-function]
 int insert_test5(){ //factor de carga>0.7, se llama a función enlarge
     ^~~~~~~~~~~~
test.c:131:6: error: 'compare_test' defined but not used [-Werror=unused-function]
 void compare_test(){
      ^~~~~~~~~~~~
test.c:125:6: error: 'hash_test3' defined but not used [-Werror=unused-function]
 void hash_test3(){ //no random
      ^~~~~~~~~~
test.c:111:6: error: 'hash_test2' defined but not used [-Werror=unused-function]
 void hash_test2(){ // colisiones
      ^~~~~~~~~~
test.c:100:6: error: 'hash_test1' defined but not used [-Werror=unused-function]
 void hash_test1(){ // posición válida
      ^~~~~~~~~~
cc1.exe: all warnings being treated as errors
e83009c
Thu, Apr 17, 2025  6:49:06 PM: 
 hashmap.c | 2 +-
 1 file changed, 1 insertion(+), 1 deletion(-)
Compilation failed
In file included from test.c:4:0:
hashmap.c: In function 'insertMap':
hashmap.c:43:29: error: 'HashMap {aka struct HashMap}' has no member named 'capcacity'; did you mean 'capacity'?
     long pos = hash(key, map->capcacity);
                             ^~
test.c:453:5: error: 'main' is normally a non-static function [-Werror=main]
 int main( int argc, char *argv[] ) {
     ^~~~
test.c:511:1: error: expected declaration or statement at end of input
 }
 ^
At top level:
test.c:453:5: error: 'main' defined but not used [-Werror=unused-function]
 int main( int argc, char *argv[] ) {
     ^~~~
test.c:217:5: error: 'insert_test5' defined but not used [-Werror=unused-function]
 int insert_test5(){ //factor de carga>0.7, se llama a función enlarge
     ^~~~~~~~~~~~
test.c:131:6: error: 'compare_test' defined but not used [-Werror=unused-function]
 void compare_test(){
      ^~~~~~~~~~~~
test.c:125:6: error: 'hash_test3' defined but not used [-Werror=unused-function]
 void hash_test3(){ //no random
      ^~~~~~~~~~
test.c:111:6: error: 'hash_test2' defined but not used [-Werror=unused-function]
 void hash_test2(){ // colisiones
      ^~~~~~~~~~
test.c:100:6: error: 'hash_test1' defined but not used [-Werror=unused-function]
 void hash_test1(){ // posición válida
      ^~~~~~~~~~
cc1.exe: all warnings being treated as errors
72fbc7d
Thu, Apr 17, 2025  6:49:44 PM: 
 hashmap.c | 4 ++--
 1 file changed, 2 insertions(+), 2 deletions(-)
Compilation failed
test.c: In function 'insertMap':
test.c:453:5: error: 'main' is normally a non-static function [-Werror=main]
 int main( int argc, char *argv[] ) {
     ^~~~
test.c:511:1: error: expected declaration or statement at end of input
 }
 ^
At top level:
test.c:453:5: error: 'main' defined but not used [-Werror=unused-function]
 int main( int argc, char *argv[] ) {
     ^~~~
test.c:217:5: error: 'insert_test5' defined but not used [-Werror=unused-function]
 int insert_test5(){ //factor de carga>0.7, se llama a función enlarge
     ^~~~~~~~~~~~
test.c:131:6: error: 'compare_test' defined but not used [-Werror=unused-function]
 void compare_test(){
      ^~~~~~~~~~~~
test.c:125:6: error: 'hash_test3' defined but not used [-Werror=unused-function]
 void hash_test3(){ //no random
      ^~~~~~~~~~
test.c:111:6: error: 'hash_test2' defined but not used [-Werror=unused-function]
 void hash_test2(){ // colisiones
      ^~~~~~~~~~
test.c:100:6: error: 'hash_test1' defined but not used [-Werror=unused-function]
 void hash_test1(){ // posición válida
      ^~~~~~~~~~
cc1.exe: all warnings being treated as errors
9e724e2
Thu, Apr 17, 2025  6:55:48 PM: 
 hashmap.c | 8 +++-----
 1 file changed, 3 insertions(+), 5 deletions(-)
 tests:  1|5
total_score: 10/70
ca5f2ec
Thu, Apr 17, 2025  6:56:37 PM: 
 hashmap.c | 1 +
 1 file changed, 1 insertion(+)
 tests:  4|5
total_score: 20/70
bb75771
